\BOOKMARK [1][-]{section.1}{\376\377\000G\000e\000n\000e\000r\000a\000l}{}% 1
\BOOKMARK [2][-]{subsection.1.1}{\376\377\000I\000n\000t\000e\000r\000v\000i\000e\000w\000e\000r\000\040\000C\000o\000n\000s\000i\000d\000e\000r\000a\000t\000i\000o\000n\000s}{section.1}% 2
\BOOKMARK [2][-]{subsection.1.2}{\376\377\000S\000t\000e\000p\000s\000\040\000f\000o\000r\000\040\000S\000u\000c\000c\000e\000s\000s\000\040\000D\000u\000r\000i\000n\000g\000\040\000t\000h\000e\000\040\000T\000e\000c\000h\000n\000i\000c\000a\000l\000\040\000I\000n\000t\000e\000r\000v\000i\000e\000w}{section.1}% 3
\BOOKMARK [2][-]{subsection.1.3}{\376\377\000C\000o\000m\000m\000o\000n\000\040\000M\000i\000s\000t\000a\000k\000e\000s\000\040\000t\000o\000\040\000A\000v\000o\000i\000d}{section.1}% 4
\BOOKMARK [2][-]{subsection.1.4}{\376\377\000S\000y\000n\000t\000a\000x}{section.1}% 5
\BOOKMARK [1][-]{section.2}{\376\377\000A\000r\000r\000a\000y\000s\000\040\000a\000n\000d\000\040\000H\000a\000s\000h\000i\000n\000g}{}% 6
\BOOKMARK [2][-]{subsection.2.1}{\376\377\000W\000h\000e\000n\000\040\000t\000o\000\040\000U\000s\000e\000?}{section.2}% 7
\BOOKMARK [2][-]{subsection.2.2}{\376\377\000H\000a\000s\000h\000i\000n\000g}{section.2}% 8
\BOOKMARK [2][-]{subsection.2.3}{\376\377\000C\000o\000m\000m\000o\000n\000\040\000P\000r\000o\000b\000l\000e\000m\000s}{section.2}% 9
\BOOKMARK [1][-]{section.3}{\376\377\000T\000w\000o\000\040\000P\000o\000i\000n\000t\000e\000r\000s}{}% 10
\BOOKMARK [2][-]{subsection.3.1}{\376\377\000W\000h\000e\000n\000\040\000t\000o\000\040\000U\000s\000e\000?}{section.3}% 11
\BOOKMARK [2][-]{subsection.3.2}{\376\377\000S\000l\000o\000w\000\040\000a\000n\000d\000\040\000F\000a\000s\000t\000\040\000P\000o\000i\000n\000t\000e\000r\000s}{section.3}% 12
\BOOKMARK [3][-]{subsubsection.3.2.1}{\376\377\000C\000o\000m\000m\000o\000n\000\040\000P\000r\000o\000b\000l\000e\000m\000s}{subsection.3.2}% 13
\BOOKMARK [2][-]{subsection.3.3}{\376\377\000L\000e\000f\000t\000\040\000a\000n\000d\000\040\000R\000i\000g\000h\000t\000\040\000P\000o\000i\000n\000t\000e\000r\000s}{section.3}% 14
\BOOKMARK [3][-]{subsubsection.3.3.1}{\376\377\000C\000o\000m\000m\000o\000n\000\040\000P\000r\000o\000b\000l\000e\000m\000s}{subsection.3.3}% 15
\BOOKMARK [1][-]{section.4}{\376\377\000S\000l\000i\000d\000i\000n\000g\000\040\000W\000i\000n\000d\000o\000w}{}% 16
\BOOKMARK [2][-]{subsection.4.1}{\376\377\000F\000i\000x\000e\000d\000\040\000S\000l\000i\000d\000i\000n\000g\000\040\000W\000i\000n\000d\000o\000w}{section.4}% 17
\BOOKMARK [3][-]{subsubsection.4.1.1}{\376\377\000C\000o\000m\000m\000o\000n\000\040\000P\000r\000o\000b\000l\000e\000m\000s}{subsection.4.1}% 18
\BOOKMARK [2][-]{subsection.4.2}{\376\377\000D\000y\000n\000a\000m\000i\000c\000\040\000S\000l\000i\000d\000i\000n\000g\000\040\000W\000i\000n\000d\000o\000w}{section.4}% 19
\BOOKMARK [3][-]{subsubsection.4.2.1}{\376\377\000C\000o\000m\000m\000o\000n\000\040\000P\000r\000o\000b\000l\000e\000m\000s}{subsection.4.2}% 20
\BOOKMARK [1][-]{section.5}{\376\377\000B\000i\000n\000a\000r\000y\000\040\000S\000e\000a\000r\000c\000h}{}% 21
\BOOKMARK [2][-]{subsection.5.1}{\376\377\000W\000h\000e\000n\000\040\000t\000o\000\040\000U\000s\000e\000?}{section.5}% 22
\BOOKMARK [3][-]{subsubsection.5.1.1}{\376\377\000C\000o\000m\000m\000o\000n\000\040\000P\000r\000o\000b\000l\000e\000m\000s}{subsection.5.1}% 23
\BOOKMARK [1][-]{section.6}{\376\377\000L\000i\000n\000k\000e\000d\000\040\000L\000i\000s\000t}{}% 24
\BOOKMARK [2][-]{subsection.6.1}{\376\377\000W\000h\000e\000n\000\040\000t\000o\000\040\000U\000s\000e\000?}{section.6}% 25
\BOOKMARK [2][-]{subsection.6.2}{\376\377\000S\000i\000n\000g\000l\000y\000\040\000L\000i\000n\000k\000e\000d\000\040\000L\000i\000s\000t}{section.6}% 26
\BOOKMARK [3][-]{subsubsection.6.2.1}{\376\377\000O\000p\000e\000r\000a\000t\000i\000o\000n\000s}{subsection.6.2}% 27
\BOOKMARK [2][-]{subsection.6.3}{\376\377\000D\000o\000u\000b\000l\000y\000\040\000L\000i\000n\000k\000e\000d\000\040\000L\000i\000s\000t}{section.6}% 28
\BOOKMARK [3][-]{subsubsection.6.3.1}{\376\377\000O\000p\000e\000r\000a\000t\000i\000o\0